  Determining projects to restore...
  All projects are up-to-date for restore.
  TimeAttendanceSystem.Domain -> D:\Work\AI Code\TimeAttendanceSystem\src\Domain\TimeAttendanceSystem.Domain\bin\Debug\net9.0\TimeAttendanceSystem.Domain.dll
  TimeAttendanceSystem.Shared -> D:\Work\AI Code\TimeAttendanceSystem\src\Shared\TimeAttendanceSystem.Shared\bin\Debug\net9.0\TimeAttendanceSystem.Shared.dll
  TimeAttendanceSystem.Application -> D:\Work\AI Code\TimeAttendanceSystem\src\Application\TimeAttendanceSystem.Application\bin\Debug\net9.0\TimeAttendanceSystem.Application.dll
D:\Work\AI Code\TimeAttendanceSystem\src\Tests\TimeAttendanceSystem.Application.UnitTests\Workflows\WorkflowEngineConditionTests.cs(47,9): warning CS8602: Dereference of a possibly null reference. [D:\Work\AI Code\TimeAttendanceSystem\src\Tests\TimeAttendanceSystem.Application.UnitTests\TimeAttendanceSystem.Application.UnitTests.csproj]
D:\Work\AI Code\TimeAttendanceSystem\src\Tests\TimeAttendanceSystem.Application.UnitTests\Workflows\WorkflowEngineConditionTests.cs(55,98): warning CS8602: Dereference of a possibly null reference. [D:\Work\AI Code\TimeAttendanceSystem\src\Tests\TimeAttendanceSystem.Application.UnitTests\TimeAttendanceSystem.Application.UnitTests.csproj]
D:\Work\AI Code\TimeAttendanceSystem\src\Tests\TimeAttendanceSystem.Application.UnitTests\Scenarios\EndToEndHrScenarioTests.cs(77,13): error CS0117: 'Shift' does not contain a definition for 'Code' [D:\Work\AI Code\TimeAttendanceSystem\src\Tests\TimeAttendanceSystem.Application.UnitTests\TimeAttendanceSystem.Application.UnitTests.csproj]
D:\Work\AI Code\TimeAttendanceSystem\src\Tests\TimeAttendanceSystem.Application.UnitTests\Scenarios\EndToEndHrScenarioTests.cs(78,13): error CS0117: 'Shift' does not contain a definition for 'StartTime' [D:\Work\AI Code\TimeAttendanceSystem\src\Tests\TimeAttendanceSystem.Application.UnitTests\TimeAttendanceSystem.Application.UnitTests.csproj]
D:\Work\AI Code\TimeAttendanceSystem\src\Tests\TimeAttendanceSystem.Application.UnitTests\Scenarios\EndToEndHrScenarioTests.cs(79,13): error CS0117: 'Shift' does not contain a definition for 'EndTime' [D:\Work\AI Code\TimeAttendanceSystem\src\Tests\TimeAttendanceSystem.Application.UnitTests\TimeAttendanceSystem.Application.UnitTests.csproj]
D:\Work\AI Code\TimeAttendanceSystem\src\Tests\TimeAttendanceSystem.Application.UnitTests\Scenarios\EndToEndHrScenarioTests.cs(81,13): error CS0117: 'Shift' does not contain a definition for 'IsCheckOutRequired' [D:\Work\AI Code\TimeAttendanceSystem\src\Tests\TimeAttendanceSystem.Application.UnitTests\TimeAttendanceSystem.Application.UnitTests.csproj]
D:\Work\AI Code\TimeAttendanceSystem\src\Tests\TimeAttendanceSystem.Application.UnitTests\Scenarios\EndToEndHrScenarioTests.cs(83,13): error CS0117: 'Shift' does not contain a definition for 'BranchId' [D:\Work\AI Code\TimeAttendanceSystem\src\Tests\TimeAttendanceSystem.Application.UnitTests\TimeAttendanceSystem.Application.UnitTests.csproj]
D:\Work\AI Code\TimeAttendanceSystem\src\Tests\TimeAttendanceSystem.Application.UnitTests\Scenarios\EndToEndHrScenarioTests.cs(94,77): error CS1061: 'Shift' does not contain a definition for 'Code' and no accessible extension method 'Code' accepting a first argument of type 'Shift' could be found (are you missing a using directive or an assembly reference?) [D:\Work\AI Code\TimeAttendanceSystem\src\Tests\TimeAttendanceSystem.Application.UnitTests\TimeAttendanceSystem.Application.UnitTests.csproj]
D:\Work\AI Code\TimeAttendanceSystem\src\Tests\TimeAttendanceSystem.Application.UnitTests\Scenarios\EndToEndHrScenarioTests.cs(112,32): error CS0104: 'WorkLocationType' is an ambiguous reference between 'TimeAttendanceSystem.Domain.Attendance.WorkLocationType' and 'TimeAttendanceSystem.Domain.Common.WorkLocationType' [D:\Work\AI Code\TimeAttendanceSystem\src\Tests\TimeAttendanceSystem.Application.UnitTests\TimeAttendanceSystem.Application.UnitTests.csproj]
D:\Work\AI Code\TimeAttendanceSystem\src\Tests\TimeAttendanceSystem.Application.UnitTests\Scenarios\EndToEndHrScenarioTests.cs(181,35): error CS1061: 'NumericAssertions<int>' does not contain a definition for 'BeGreaterOrEqualTo' and no accessible extension method 'BeGreaterOrEqualTo' accepting a first argument of type 'NumericAssertions<int>' could be found (are you missing a using directive or an assembly reference?) [D:\Work\AI Code\TimeAttendanceSystem\src\Tests\TimeAttendanceSystem.Application.UnitTests\TimeAttendanceSystem.Application.UnitTests.csproj]
D:\Work\AI Code\TimeAttendanceSystem\src\Tests\TimeAttendanceSystem.Application.UnitTests\Workflows\WorkflowEngineConditionTests.cs(77,9): warning CS8602: Dereference of a possibly null reference. [D:\Work\AI Code\TimeAttendanceSystem\src\Tests\TimeAttendanceSystem.Application.UnitTests\TimeAttendanceSystem.Application.UnitTests.csproj]
D:\Work\AI Code\TimeAttendanceSystem\src\Tests\TimeAttendanceSystem.Application.UnitTests\Workflows\WorkflowEngineConditionTests.cs(95,9): warning CS8602: Dereference of a possibly null reference. [D:\Work\AI Code\TimeAttendanceSystem\src\Tests\TimeAttendanceSystem.Application.UnitTests\TimeAttendanceSystem.Application.UnitTests.csproj]
D:\Work\AI Code\TimeAttendanceSystem\src\Tests\TimeAttendanceSystem.Application.UnitTests\Workflows\WorkflowEngineConditionTests.cs(114,9): warning CS8602: Dereference of a possibly null reference. [D:\Work\AI Code\TimeAttendanceSystem\src\Tests\TimeAttendanceSystem.Application.UnitTests\TimeAttendanceSystem.Application.UnitTests.csproj]

Build FAILED.

D:\Work\AI Code\TimeAttendanceSystem\src\Tests\TimeAttendanceSystem.Application.UnitTests\Workflows\WorkflowEngineConditionTests.cs(47,9): warning CS8602: Dereference of a possibly null reference. [D:\Work\AI Code\TimeAttendanceSystem\src\Tests\TimeAttendanceSystem.Application.UnitTests\TimeAttendanceSystem.Application.UnitTests.csproj]
D:\Work\AI Code\TimeAttendanceSystem\src\Tests\TimeAttendanceSystem.Application.UnitTests\Workflows\WorkflowEngineConditionTests.cs(55,98): warning CS8602: Dereference of a possibly null reference. [D:\Work\AI Code\TimeAttendanceSystem\src\Tests\TimeAttendanceSystem.Application.UnitTests\TimeAttendanceSystem.Application.UnitTests.csproj]
D:\Work\AI Code\TimeAttendanceSystem\src\Tests\TimeAttendanceSystem.Application.UnitTests\Workflows\WorkflowEngineConditionTests.cs(77,9): warning CS8602: Dereference of a possibly null reference. [D:\Work\AI Code\TimeAttendanceSystem\src\Tests\TimeAttendanceSystem.Application.UnitTests\TimeAttendanceSystem.Application.UnitTests.csproj]
D:\Work\AI Code\TimeAttendanceSystem\src\Tests\TimeAttendanceSystem.Application.UnitTests\Workflows\WorkflowEngineConditionTests.cs(95,9): warning CS8602: Dereference of a possibly null reference. [D:\Work\AI Code\TimeAttendanceSystem\src\Tests\TimeAttendanceSystem.Application.UnitTests\TimeAttendanceSystem.Application.UnitTests.csproj]
D:\Work\AI Code\TimeAttendanceSystem\src\Tests\TimeAttendanceSystem.Application.UnitTests\Workflows\WorkflowEngineConditionTests.cs(114,9): warning CS8602: Dereference of a possibly null reference. [D:\Work\AI Code\TimeAttendanceSystem\src\Tests\TimeAttendanceSystem.Application.UnitTests\TimeAttendanceSystem.Application.UnitTests.csproj]
D:\Work\AI Code\TimeAttendanceSystem\src\Tests\TimeAttendanceSystem.Application.UnitTests\Scenarios\EndToEndHrScenarioTests.cs(77,13): error CS0117: 'Shift' does not contain a definition for 'Code' [D:\Work\AI Code\TimeAttendanceSystem\src\Tests\TimeAttendanceSystem.Application.UnitTests\TimeAttendanceSystem.Application.UnitTests.csproj]
D:\Work\AI Code\TimeAttendanceSystem\src\Tests\TimeAttendanceSystem.Application.UnitTests\Scenarios\EndToEndHrScenarioTests.cs(78,13): error CS0117: 'Shift' does not contain a definition for 'StartTime' [D:\Work\AI Code\TimeAttendanceSystem\src\Tests\TimeAttendanceSystem.Application.UnitTests\TimeAttendanceSystem.Application.UnitTests.csproj]
D:\Work\AI Code\TimeAttendanceSystem\src\Tests\TimeAttendanceSystem.Application.UnitTests\Scenarios\EndToEndHrScenarioTests.cs(79,13): error CS0117: 'Shift' does not contain a definition for 'EndTime' [D:\Work\AI Code\TimeAttendanceSystem\src\Tests\TimeAttendanceSystem.Application.UnitTests\TimeAttendanceSystem.Application.UnitTests.csproj]
D:\Work\AI Code\TimeAttendanceSystem\src\Tests\TimeAttendanceSystem.Application.UnitTests\Scenarios\EndToEndHrScenarioTests.cs(81,13): error CS0117: 'Shift' does not contain a definition for 'IsCheckOutRequired' [D:\Work\AI Code\TimeAttendanceSystem\src\Tests\TimeAttendanceSystem.Application.UnitTests\TimeAttendanceSystem.Application.UnitTests.csproj]
D:\Work\AI Code\TimeAttendanceSystem\src\Tests\TimeAttendanceSystem.Application.UnitTests\Scenarios\EndToEndHrScenarioTests.cs(83,13): error CS0117: 'Shift' does not contain a definition for 'BranchId' [D:\Work\AI Code\TimeAttendanceSystem\src\Tests\TimeAttendanceSystem.Application.UnitTests\TimeAttendanceSystem.Application.UnitTests.csproj]
D:\Work\AI Code\TimeAttendanceSystem\src\Tests\TimeAttendanceSystem.Application.UnitTests\Scenarios\EndToEndHrScenarioTests.cs(94,77): error CS1061: 'Shift' does not contain a definition for 'Code' and no accessible extension method 'Code' accepting a first argument of type 'Shift' could be found (are you missing a using directive or an assembly reference?) [D:\Work\AI Code\TimeAttendanceSystem\src\Tests\TimeAttendanceSystem.Application.UnitTests\TimeAttendanceSystem.Application.UnitTests.csproj]
D:\Work\AI Code\TimeAttendanceSystem\src\Tests\TimeAttendanceSystem.Application.UnitTests\Scenarios\EndToEndHrScenarioTests.cs(112,32): error CS0104: 'WorkLocationType' is an ambiguous reference between 'TimeAttendanceSystem.Domain.Attendance.WorkLocationType' and 'TimeAttendanceSystem.Domain.Common.WorkLocationType' [D:\Work\AI Code\TimeAttendanceSystem\src\Tests\TimeAttendanceSystem.Application.UnitTests\TimeAttendanceSystem.Application.UnitTests.csproj]
D:\Work\AI Code\TimeAttendanceSystem\src\Tests\TimeAttendanceSystem.Application.UnitTests\Scenarios\EndToEndHrScenarioTests.cs(181,35): error CS1061: 'NumericAssertions<int>' does not contain a definition for 'BeGreaterOrEqualTo' and no accessible extension method 'BeGreaterOrEqualTo' accepting a first argument of type 'NumericAssertions<int>' could be found (are you missing a using directive or an assembly reference?) [D:\Work\AI Code\TimeAttendanceSystem\src\Tests\TimeAttendanceSystem.Application.UnitTests\TimeAttendanceSystem.Application.UnitTests.csproj]
    5 Warning(s)
    8 Error(s)

Time Elapsed 00:00:09.91
